<?xml version="1.0" encoding="utf-8" ?>
<!DOCTYPE html PUBLIC "-//W3C//DTD XHTML 1.0 Strict//EN"
        "http://www.w3.org/TR/xhtml1/DTD/xhtml1-strict.dtd">
<html xmlns="http://www.w3.org/1999/xhtml" xml:lang="en" lang="en">
<head>
  <title>Test Results Report - C:\Users\neeth\Documents\GitHub\Repo\DataDrivenFramwork</title>
  <meta http-equiv="Content-Type" content="text/html;charset=utf-8" />
  <meta name="description" content="TestNG unit test results." />
  <link href="reportng.css" rel="stylesheet" type="text/css" />
    <script type="text/javascript" src="reportng.js"></script>
</head>
<body>
<h1>C:\Users\neeth\Documents\GitHub\Repo\DataDrivenFramwork</h1>
<p>
  Test Duration: 99.164s
</p>



  <table class="resultsTable" width="100%">
    <tr><th colspan="3" class="header failed">Failed Tests</th></tr>
              <tr>
        <td colspan="3" class="group">testcases.AddCustomerTest</td>
      </tr>
      
<tr>
  <td class="method">
          AddCustomerTest
      </td>
  <td class="duration">
    0.000s
  </td>
  <td class="result">
        
    
        

        <a href="javascript:toggleElement('exception-0', 'block')" title="Click to expand/collapse"><b>java.lang.RuntimeException: java.lang.IllegalStateException: Cannot get a STRING value from a NUMERIC cell</b></a><br />
    <div class="stackTrace" id="exception-0">
              org.testng.internal.invokers.MethodInvocationHelper.invokeMethodNoCheckedException(MethodInvocationHelper.java:57)<br />
              org.testng.internal.invokers.MethodInvocationHelper.invokeDataProvider(MethodInvocationHelper.java:157)<br />
              org.testng.internal.Parameters.handleParameters(Parameters.java:791)<br />
              org.testng.internal.Parameters.handleParameters(Parameters.java:728)<br />
              org.testng.internal.invokers.ParameterHandler.handleParameters(ParameterHandler.java:72)<br />
              org.testng.internal.invokers.ParameterHandler.createParameters(ParameterHandler.java:51)<br />
              org.testng.internal.invokers.TestInvoker$MethodInvocationAgent.invoke(TestInvoker.java:917)<br />
              org.testng.internal.invokers.TestInvoker.invokeTestMethods(TestInvoker.java:194)<br />
              org.testng.internal.invokers.TestMethodWorker.invokeTestMethods(TestMethodWorker.java:148)<br />
              org.testng.internal.invokers.TestMethodWorker.run(TestMethodWorker.java:128)<br />
              java.base/java.util.ArrayList.forEach(ArrayList.java:1510)<br />
              org.testng.TestRunner.privateRun(TestRunner.java:806)<br />
              org.testng.TestRunner.run(TestRunner.java:601)<br />
              org.testng.SuiteRunner.runTest(SuiteRunner.java:433)<br />
              org.testng.SuiteRunner.runSequentially(SuiteRunner.java:427)<br />
              org.testng.SuiteRunner.privateRun(SuiteRunner.java:387)<br />
              org.testng.SuiteRunner.run(SuiteRunner.java:330)<br />
              org.testng.SuiteRunnerWorker.runSuite(SuiteRunnerWorker.java:52)<br />
              org.testng.SuiteRunnerWorker.run(SuiteRunnerWorker.java:95)<br />
              org.testng.TestNG.runSuitesSequentially(TestNG.java:1256)<br />
              org.testng.TestNG.runSuitesLocally(TestNG.java:1176)<br />
              org.testng.TestNG.runSuites(TestNG.java:1099)<br />
              org.testng.TestNG.run(TestNG.java:1067)<br />
              com.intellij.rt.testng.IDEARemoteTestNG.run(IDEARemoteTestNG.java:66)<br />
              com.intellij.rt.testng.RemoteTestNGStarter.main(RemoteTestNGStarter.java:110)<br />
                    <b>Caused by: </b> <a href="javascript:toggleElement('exception-1', 'block')" title="Click to expand/collapse">java.lang.IllegalStateException: Cannot get a STRING value from a NUMERIC cell</a><br />
        <div class="stackTrace" id="exception-1">
                      org.apache.poi.xssf.usermodel.XSSFCell.typeMismatch(XSSFCell.java:1003)<br />
                      org.apache.poi.xssf.usermodel.XSSFCell.getRichStringCellValue(XSSFCell.java:389)<br />
                      org.apache.poi.xssf.usermodel.XSSFCell.getStringCellValue(XSSFCell.java:341)<br />
                      utilities.ExcelReader.getcellData(ExcelReader.java:35)<br />
                      testcases.AddCustomerTest.TestdataReading(AddCustomerTest.java:60)<br />
                      testcases.AddCustomerTest.getdata(AddCustomerTest.java:46)<br />
                      java.base/jdk.internal.reflect.NativeMethodAccessorImpl.invoke0(Native Method)<br />
                      java.base/jdk.internal.reflect.NativeMethodAccessorImpl.invoke(NativeMethodAccessorImpl.java:62)<br />
                      java.base/jdk.internal.reflect.DelegatingMethodAccessorImpl.invoke(DelegatingMethodAccessorImpl.java:43)<br />
                      java.base/java.lang.reflect.Method.invoke(Method.java:564)<br />
                      org.testng.internal.invokers.MethodInvocationHelper.invokeMethod(MethodInvocationHelper.java:139)<br />
                      org.testng.internal.invokers.MethodInvocationHelper.invokeMethod(MethodInvocationHelper.java:84)<br />
                      org.testng.internal.invokers.MethodInvocationHelper.invokeMethodNoCheckedException(MethodInvocationHelper.java:53)<br />
                      org.testng.internal.invokers.MethodInvocationHelper.invokeDataProvider(MethodInvocationHelper.java:157)<br />
                      org.testng.internal.Parameters.handleParameters(Parameters.java:791)<br />
                      org.testng.internal.Parameters.handleParameters(Parameters.java:728)<br />
                      org.testng.internal.invokers.ParameterHandler.handleParameters(ParameterHandler.java:72)<br />
                      org.testng.internal.invokers.ParameterHandler.createParameters(ParameterHandler.java:51)<br />
                      org.testng.internal.invokers.TestInvoker$MethodInvocationAgent.invoke(TestInvoker.java:917)<br />
                      org.testng.internal.invokers.TestInvoker.invokeTestMethods(TestInvoker.java:194)<br />
                      org.testng.internal.invokers.TestMethodWorker.invokeTestMethods(TestMethodWorker.java:148)<br />
                      org.testng.internal.invokers.TestMethodWorker.run(TestMethodWorker.java:128)<br />
                      java.base/java.util.ArrayList.forEach(ArrayList.java:1510)<br />
                      org.testng.TestRunner.privateRun(TestRunner.java:806)<br />
                      org.testng.TestRunner.run(TestRunner.java:601)<br />
                      org.testng.SuiteRunner.runTest(SuiteRunner.java:433)<br />
                      org.testng.SuiteRunner.runSequentially(SuiteRunner.java:427)<br />
                      org.testng.SuiteRunner.privateRun(SuiteRunner.java:387)<br />
                      org.testng.SuiteRunner.run(SuiteRunner.java:330)<br />
                      org.testng.SuiteRunnerWorker.runSuite(SuiteRunnerWorker.java:52)<br />
                      org.testng.SuiteRunnerWorker.run(SuiteRunnerWorker.java:95)<br />
                      org.testng.TestNG.runSuitesSequentially(TestNG.java:1256)<br />
                      org.testng.TestNG.runSuitesLocally(TestNG.java:1176)<br />
                      org.testng.TestNG.runSuites(TestNG.java:1099)<br />
                      org.testng.TestNG.run(TestNG.java:1067)<br />
                      com.intellij.rt.testng.IDEARemoteTestNG.run(IDEARemoteTestNG.java:66)<br />
                      com.intellij.rt.testng.RemoteTestNGStarter.main(RemoteTestNGStarter.java:110)<br />
                  </div>
          </div>
      </td>
</tr>
          <tr>
        <td colspan="3" class="group">testcases.OpenAccount</td>
      </tr>
      
<tr>
  <td class="method">
          OpenAccount
      </td>
  <td class="duration">
    11.335s
  </td>
  <td class="result">
        
          <i>Method Arguments: </i><span class="arguments">"Neethu", "Pound", "Account created successfully"</span><br />
    
        

        <a href="javascript:toggleElement('exception-2', 'block')" title="Click to expand/collapse"><b>java.lang.IndexOutOfBoundsException: Index 4 out of bounds for length 4</b></a><br />
    <div class="stackTrace" id="exception-2">
              java.base/jdk.internal.util.Preconditions.outOfBounds(Preconditions.java:64)<br />
              java.base/jdk.internal.util.Preconditions.outOfBoundsCheckIndex(Preconditions.java:70)<br />
              java.base/jdk.internal.util.Preconditions.checkIndex(Preconditions.java:248)<br />
              java.base/java.util.Objects.checkIndex(Objects.java:373)<br />
              java.base/java.util.ArrayList.get(ArrayList.java:426)<br />
              testcases.OpenAccount.OpenAccount(OpenAccount.java:45)<br />
              java.base/jdk.internal.reflect.NativeMethodAccessorImpl.invoke0(Native Method)<br />
              java.base/jdk.internal.reflect.NativeMethodAccessorImpl.invoke(NativeMethodAccessorImpl.java:62)<br />
              java.base/jdk.internal.reflect.DelegatingMethodAccessorImpl.invoke(DelegatingMethodAccessorImpl.java:43)<br />
              java.base/java.lang.reflect.Method.invoke(Method.java:564)<br />
              org.testng.internal.invokers.MethodInvocationHelper.invokeMethod(MethodInvocationHelper.java:139)<br />
              org.testng.internal.invokers.TestInvoker.invokeMethod(TestInvoker.java:677)<br />
              org.testng.internal.invokers.TestInvoker.invokeTestMethod(TestInvoker.java:221)<br />
              org.testng.internal.invokers.MethodRunner.runInSequence(MethodRunner.java:50)<br />
              org.testng.internal.invokers.TestInvoker$MethodInvocationAgent.invoke(TestInvoker.java:962)<br />
              org.testng.internal.invokers.TestInvoker.invokeTestMethods(TestInvoker.java:194)<br />
              org.testng.internal.invokers.TestMethodWorker.invokeTestMethods(TestMethodWorker.java:148)<br />
              org.testng.internal.invokers.TestMethodWorker.run(TestMethodWorker.java:128)<br />
              java.base/java.util.ArrayList.forEach(ArrayList.java:1510)<br />
              org.testng.TestRunner.privateRun(TestRunner.java:806)<br />
              org.testng.TestRunner.run(TestRunner.java:601)<br />
              org.testng.SuiteRunner.runTest(SuiteRunner.java:433)<br />
              org.testng.SuiteRunner.runSequentially(SuiteRunner.java:427)<br />
              org.testng.SuiteRunner.privateRun(SuiteRunner.java:387)<br />
              org.testng.SuiteRunner.run(SuiteRunner.java:330)<br />
              org.testng.SuiteRunnerWorker.runSuite(SuiteRunnerWorker.java:52)<br />
              org.testng.SuiteRunnerWorker.run(SuiteRunnerWorker.java:95)<br />
              org.testng.TestNG.runSuitesSequentially(TestNG.java:1256)<br />
              org.testng.TestNG.runSuitesLocally(TestNG.java:1176)<br />
              org.testng.TestNG.runSuites(TestNG.java:1099)<br />
              org.testng.TestNG.run(TestNG.java:1067)<br />
              com.intellij.rt.testng.IDEARemoteTestNG.run(IDEARemoteTestNG.java:66)<br />
              com.intellij.rt.testng.RemoteTestNGStarter.main(RemoteTestNGStarter.java:110)<br />
                </div>
      </td>
</tr>
<tr>
  <td class="method">
          OpenAccount
      </td>
  <td class="duration">
    6.314s
  </td>
  <td class="result">
        
          <i>Method Arguments: </i><span class="arguments">"Rekha", "Rupee", "Account created successfully"</span><br />
    
        

        <a href="javascript:toggleElement('exception-3', 'block')" title="Click to expand/collapse"><b>java.lang.IndexOutOfBoundsException: Index 4 out of bounds for length 4</b></a><br />
    <div class="stackTrace" id="exception-3">
              java.base/jdk.internal.util.Preconditions.outOfBounds(Preconditions.java:64)<br />
              java.base/jdk.internal.util.Preconditions.outOfBoundsCheckIndex(Preconditions.java:70)<br />
              java.base/jdk.internal.util.Preconditions.checkIndex(Preconditions.java:248)<br />
              java.base/java.util.Objects.checkIndex(Objects.java:373)<br />
              java.base/java.util.ArrayList.get(ArrayList.java:426)<br />
              testcases.OpenAccount.OpenAccount(OpenAccount.java:45)<br />
              java.base/jdk.internal.reflect.NativeMethodAccessorImpl.invoke0(Native Method)<br />
              java.base/jdk.internal.reflect.NativeMethodAccessorImpl.invoke(NativeMethodAccessorImpl.java:62)<br />
              java.base/jdk.internal.reflect.DelegatingMethodAccessorImpl.invoke(DelegatingMethodAccessorImpl.java:43)<br />
              java.base/java.lang.reflect.Method.invoke(Method.java:564)<br />
              org.testng.internal.invokers.MethodInvocationHelper.invokeMethod(MethodInvocationHelper.java:139)<br />
              org.testng.internal.invokers.TestInvoker.invokeMethod(TestInvoker.java:677)<br />
              org.testng.internal.invokers.TestInvoker.invokeTestMethod(TestInvoker.java:221)<br />
              org.testng.internal.invokers.MethodRunner.runInSequence(MethodRunner.java:50)<br />
              org.testng.internal.invokers.TestInvoker$MethodInvocationAgent.invoke(TestInvoker.java:962)<br />
              org.testng.internal.invokers.TestInvoker.invokeTestMethods(TestInvoker.java:194)<br />
              org.testng.internal.invokers.TestMethodWorker.invokeTestMethods(TestMethodWorker.java:148)<br />
              org.testng.internal.invokers.TestMethodWorker.run(TestMethodWorker.java:128)<br />
              java.base/java.util.ArrayList.forEach(ArrayList.java:1510)<br />
              org.testng.TestRunner.privateRun(TestRunner.java:806)<br />
              org.testng.TestRunner.run(TestRunner.java:601)<br />
              org.testng.SuiteRunner.runTest(SuiteRunner.java:433)<br />
              org.testng.SuiteRunner.runSequentially(SuiteRunner.java:427)<br />
              org.testng.SuiteRunner.privateRun(SuiteRunner.java:387)<br />
              org.testng.SuiteRunner.run(SuiteRunner.java:330)<br />
              org.testng.SuiteRunnerWorker.runSuite(SuiteRunnerWorker.java:52)<br />
              org.testng.SuiteRunnerWorker.run(SuiteRunnerWorker.java:95)<br />
              org.testng.TestNG.runSuitesSequentially(TestNG.java:1256)<br />
              org.testng.TestNG.runSuitesLocally(TestNG.java:1176)<br />
              org.testng.TestNG.runSuites(TestNG.java:1099)<br />
              org.testng.TestNG.run(TestNG.java:1067)<br />
              com.intellij.rt.testng.IDEARemoteTestNG.run(IDEARemoteTestNG.java:66)<br />
              com.intellij.rt.testng.RemoteTestNGStarter.main(RemoteTestNGStarter.java:110)<br />
                </div>
      </td>
</tr>
<tr>
  <td class="method">
          OpenAccount
      </td>
  <td class="duration">
    3.766s
  </td>
  <td class="result">
        
          <i>Method Arguments: </i><span class="arguments">"test", "Rupee", "Account created successfully"</span><br />
    
        

        <a href="javascript:toggleElement('exception-4', 'block')" title="Click to expand/collapse"><b>java.lang.IndexOutOfBoundsException: Index 4 out of bounds for length 4</b></a><br />
    <div class="stackTrace" id="exception-4">
              java.base/jdk.internal.util.Preconditions.outOfBounds(Preconditions.java:64)<br />
              java.base/jdk.internal.util.Preconditions.outOfBoundsCheckIndex(Preconditions.java:70)<br />
              java.base/jdk.internal.util.Preconditions.checkIndex(Preconditions.java:248)<br />
              java.base/java.util.Objects.checkIndex(Objects.java:373)<br />
              java.base/java.util.ArrayList.get(ArrayList.java:426)<br />
              testcases.OpenAccount.OpenAccount(OpenAccount.java:45)<br />
              java.base/jdk.internal.reflect.NativeMethodAccessorImpl.invoke0(Native Method)<br />
              java.base/jdk.internal.reflect.NativeMethodAccessorImpl.invoke(NativeMethodAccessorImpl.java:62)<br />
              java.base/jdk.internal.reflect.DelegatingMethodAccessorImpl.invoke(DelegatingMethodAccessorImpl.java:43)<br />
              java.base/java.lang.reflect.Method.invoke(Method.java:564)<br />
              org.testng.internal.invokers.MethodInvocationHelper.invokeMethod(MethodInvocationHelper.java:139)<br />
              org.testng.internal.invokers.TestInvoker.invokeMethod(TestInvoker.java:677)<br />
              org.testng.internal.invokers.TestInvoker.invokeTestMethod(TestInvoker.java:221)<br />
              org.testng.internal.invokers.MethodRunner.runInSequence(MethodRunner.java:50)<br />
              org.testng.internal.invokers.TestInvoker$MethodInvocationAgent.invoke(TestInvoker.java:962)<br />
              org.testng.internal.invokers.TestInvoker.invokeTestMethods(TestInvoker.java:194)<br />
              org.testng.internal.invokers.TestMethodWorker.invokeTestMethods(TestMethodWorker.java:148)<br />
              org.testng.internal.invokers.TestMethodWorker.run(TestMethodWorker.java:128)<br />
              java.base/java.util.ArrayList.forEach(ArrayList.java:1510)<br />
              org.testng.TestRunner.privateRun(TestRunner.java:806)<br />
              org.testng.TestRunner.run(TestRunner.java:601)<br />
              org.testng.SuiteRunner.runTest(SuiteRunner.java:433)<br />
              org.testng.SuiteRunner.runSequentially(SuiteRunner.java:427)<br />
              org.testng.SuiteRunner.privateRun(SuiteRunner.java:387)<br />
              org.testng.SuiteRunner.run(SuiteRunner.java:330)<br />
              org.testng.SuiteRunnerWorker.runSuite(SuiteRunnerWorker.java:52)<br />
              org.testng.SuiteRunnerWorker.run(SuiteRunnerWorker.java:95)<br />
              org.testng.TestNG.runSuitesSequentially(TestNG.java:1256)<br />
              org.testng.TestNG.runSuitesLocally(TestNG.java:1176)<br />
              org.testng.TestNG.runSuites(TestNG.java:1099)<br />
              org.testng.TestNG.run(TestNG.java:1067)<br />
              com.intellij.rt.testng.IDEARemoteTestNG.run(IDEARemoteTestNG.java:66)<br />
              com.intellij.rt.testng.RemoteTestNGStarter.main(RemoteTestNGStarter.java:110)<br />
                </div>
      </td>
</tr>
<tr>
  <td class="method">
          OpenAccount
      </td>
  <td class="duration">
    5.878s
  </td>
  <td class="result">
        
          <i>Method Arguments: </i><span class="arguments">"Clinda ", "Dollar", "Account created successfully"</span><br />
    
        

        <a href="javascript:toggleElement('exception-5', 'block')" title="Click to expand/collapse"><b>java.lang.IndexOutOfBoundsException: Index 4 out of bounds for length 4</b></a><br />
    <div class="stackTrace" id="exception-5">
              java.base/jdk.internal.util.Preconditions.outOfBounds(Preconditions.java:64)<br />
              java.base/jdk.internal.util.Preconditions.outOfBoundsCheckIndex(Preconditions.java:70)<br />
              java.base/jdk.internal.util.Preconditions.checkIndex(Preconditions.java:248)<br />
              java.base/java.util.Objects.checkIndex(Objects.java:373)<br />
              java.base/java.util.ArrayList.get(ArrayList.java:426)<br />
              testcases.OpenAccount.OpenAccount(OpenAccount.java:45)<br />
              java.base/jdk.internal.reflect.NativeMethodAccessorImpl.invoke0(Native Method)<br />
              java.base/jdk.internal.reflect.NativeMethodAccessorImpl.invoke(NativeMethodAccessorImpl.java:62)<br />
              java.base/jdk.internal.reflect.DelegatingMethodAccessorImpl.invoke(DelegatingMethodAccessorImpl.java:43)<br />
              java.base/java.lang.reflect.Method.invoke(Method.java:564)<br />
              org.testng.internal.invokers.MethodInvocationHelper.invokeMethod(MethodInvocationHelper.java:139)<br />
              org.testng.internal.invokers.TestInvoker.invokeMethod(TestInvoker.java:677)<br />
              org.testng.internal.invokers.TestInvoker.invokeTestMethod(TestInvoker.java:221)<br />
              org.testng.internal.invokers.MethodRunner.runInSequence(MethodRunner.java:50)<br />
              org.testng.internal.invokers.TestInvoker$MethodInvocationAgent.invoke(TestInvoker.java:962)<br />
              org.testng.internal.invokers.TestInvoker.invokeTestMethods(TestInvoker.java:194)<br />
              org.testng.internal.invokers.TestMethodWorker.invokeTestMethods(TestMethodWorker.java:148)<br />
              org.testng.internal.invokers.TestMethodWorker.run(TestMethodWorker.java:128)<br />
              java.base/java.util.ArrayList.forEach(ArrayList.java:1510)<br />
              org.testng.TestRunner.privateRun(TestRunner.java:806)<br />
              org.testng.TestRunner.run(TestRunner.java:601)<br />
              org.testng.SuiteRunner.runTest(SuiteRunner.java:433)<br />
              org.testng.SuiteRunner.runSequentially(SuiteRunner.java:427)<br />
              org.testng.SuiteRunner.privateRun(SuiteRunner.java:387)<br />
              org.testng.SuiteRunner.run(SuiteRunner.java:330)<br />
              org.testng.SuiteRunnerWorker.runSuite(SuiteRunnerWorker.java:52)<br />
              org.testng.SuiteRunnerWorker.run(SuiteRunnerWorker.java:95)<br />
              org.testng.TestNG.runSuitesSequentially(TestNG.java:1256)<br />
              org.testng.TestNG.runSuitesLocally(TestNG.java:1176)<br />
              org.testng.TestNG.runSuites(TestNG.java:1099)<br />
              org.testng.TestNG.run(TestNG.java:1067)<br />
              com.intellij.rt.testng.IDEARemoteTestNG.run(IDEARemoteTestNG.java:66)<br />
              com.intellij.rt.testng.RemoteTestNGStarter.main(RemoteTestNGStarter.java:110)<br />
                </div>
      </td>
</tr>
<tr>
  <td class="method">
          OpenAccount
      </td>
  <td class="duration">
    17.250s
  </td>
  <td class="result">
        
          <i>Method Arguments: </i><span class="arguments">"Test", "Rupee", "Account created successfully"</span><br />
    
        

        <a href="javascript:toggleElement('exception-6', 'block')" title="Click to expand/collapse"><b>java.lang.IndexOutOfBoundsException: Index 4 out of bounds for length 4</b></a><br />
    <div class="stackTrace" id="exception-6">
              java.base/jdk.internal.util.Preconditions.outOfBounds(Preconditions.java:64)<br />
              java.base/jdk.internal.util.Preconditions.outOfBoundsCheckIndex(Preconditions.java:70)<br />
              java.base/jdk.internal.util.Preconditions.checkIndex(Preconditions.java:248)<br />
              java.base/java.util.Objects.checkIndex(Objects.java:373)<br />
              java.base/java.util.ArrayList.get(ArrayList.java:426)<br />
              testcases.OpenAccount.OpenAccount(OpenAccount.java:45)<br />
              java.base/jdk.internal.reflect.NativeMethodAccessorImpl.invoke0(Native Method)<br />
              java.base/jdk.internal.reflect.NativeMethodAccessorImpl.invoke(NativeMethodAccessorImpl.java:62)<br />
              java.base/jdk.internal.reflect.DelegatingMethodAccessorImpl.invoke(DelegatingMethodAccessorImpl.java:43)<br />
              java.base/java.lang.reflect.Method.invoke(Method.java:564)<br />
              org.testng.internal.invokers.MethodInvocationHelper.invokeMethod(MethodInvocationHelper.java:139)<br />
              org.testng.internal.invokers.TestInvoker.invokeMethod(TestInvoker.java:677)<br />
              org.testng.internal.invokers.TestInvoker.invokeTestMethod(TestInvoker.java:221)<br />
              org.testng.internal.invokers.MethodRunner.runInSequence(MethodRunner.java:50)<br />
              org.testng.internal.invokers.TestInvoker$MethodInvocationAgent.invoke(TestInvoker.java:962)<br />
              org.testng.internal.invokers.TestInvoker.invokeTestMethods(TestInvoker.java:194)<br />
              org.testng.internal.invokers.TestMethodWorker.invokeTestMethods(TestMethodWorker.java:148)<br />
              org.testng.internal.invokers.TestMethodWorker.run(TestMethodWorker.java:128)<br />
              java.base/java.util.ArrayList.forEach(ArrayList.java:1510)<br />
              org.testng.TestRunner.privateRun(TestRunner.java:806)<br />
              org.testng.TestRunner.run(TestRunner.java:601)<br />
              org.testng.SuiteRunner.runTest(SuiteRunner.java:433)<br />
              org.testng.SuiteRunner.runSequentially(SuiteRunner.java:427)<br />
              org.testng.SuiteRunner.privateRun(SuiteRunner.java:387)<br />
              org.testng.SuiteRunner.run(SuiteRunner.java:330)<br />
              org.testng.SuiteRunnerWorker.runSuite(SuiteRunnerWorker.java:52)<br />
              org.testng.SuiteRunnerWorker.run(SuiteRunnerWorker.java:95)<br />
              org.testng.TestNG.runSuitesSequentially(TestNG.java:1256)<br />
              org.testng.TestNG.runSuitesLocally(TestNG.java:1176)<br />
              org.testng.TestNG.runSuites(TestNG.java:1099)<br />
              org.testng.TestNG.run(TestNG.java:1067)<br />
              com.intellij.rt.testng.IDEARemoteTestNG.run(IDEARemoteTestNG.java:66)<br />
              com.intellij.rt.testng.RemoteTestNGStarter.main(RemoteTestNGStarter.java:110)<br />
                </div>
      </td>
</tr>
<tr>
  <td class="method">
          OpenAccount
      </td>
  <td class="duration">
    5.606s
  </td>
  <td class="result">
        
          <i>Method Arguments: </i><span class="arguments">"Bismi", "Pound", "Account created successfully"</span><br />
    
        

        <a href="javascript:toggleElement('exception-7', 'block')" title="Click to expand/collapse"><b>java.lang.IndexOutOfBoundsException: Index 4 out of bounds for length 4</b></a><br />
    <div class="stackTrace" id="exception-7">
              java.base/jdk.internal.util.Preconditions.outOfBounds(Preconditions.java:64)<br />
              java.base/jdk.internal.util.Preconditions.outOfBoundsCheckIndex(Preconditions.java:70)<br />
              java.base/jdk.internal.util.Preconditions.checkIndex(Preconditions.java:248)<br />
              java.base/java.util.Objects.checkIndex(Objects.java:373)<br />
              java.base/java.util.ArrayList.get(ArrayList.java:426)<br />
              testcases.OpenAccount.OpenAccount(OpenAccount.java:45)<br />
              java.base/jdk.internal.reflect.NativeMethodAccessorImpl.invoke0(Native Method)<br />
              java.base/jdk.internal.reflect.NativeMethodAccessorImpl.invoke(NativeMethodAccessorImpl.java:62)<br />
              java.base/jdk.internal.reflect.DelegatingMethodAccessorImpl.invoke(DelegatingMethodAccessorImpl.java:43)<br />
              java.base/java.lang.reflect.Method.invoke(Method.java:564)<br />
              org.testng.internal.invokers.MethodInvocationHelper.invokeMethod(MethodInvocationHelper.java:139)<br />
              org.testng.internal.invokers.TestInvoker.invokeMethod(TestInvoker.java:677)<br />
              org.testng.internal.invokers.TestInvoker.invokeTestMethod(TestInvoker.java:221)<br />
              org.testng.internal.invokers.MethodRunner.runInSequence(MethodRunner.java:50)<br />
              org.testng.internal.invokers.TestInvoker$MethodInvocationAgent.invoke(TestInvoker.java:962)<br />
              org.testng.internal.invokers.TestInvoker.invokeTestMethods(TestInvoker.java:194)<br />
              org.testng.internal.invokers.TestMethodWorker.invokeTestMethods(TestMethodWorker.java:148)<br />
              org.testng.internal.invokers.TestMethodWorker.run(TestMethodWorker.java:128)<br />
              java.base/java.util.ArrayList.forEach(ArrayList.java:1510)<br />
              org.testng.TestRunner.privateRun(TestRunner.java:806)<br />
              org.testng.TestRunner.run(TestRunner.java:601)<br />
              org.testng.SuiteRunner.runTest(SuiteRunner.java:433)<br />
              org.testng.SuiteRunner.runSequentially(SuiteRunner.java:427)<br />
              org.testng.SuiteRunner.privateRun(SuiteRunner.java:387)<br />
              org.testng.SuiteRunner.run(SuiteRunner.java:330)<br />
              org.testng.SuiteRunnerWorker.runSuite(SuiteRunnerWorker.java:52)<br />
              org.testng.SuiteRunnerWorker.run(SuiteRunnerWorker.java:95)<br />
              org.testng.TestNG.runSuitesSequentially(TestNG.java:1256)<br />
              org.testng.TestNG.runSuitesLocally(TestNG.java:1176)<br />
              org.testng.TestNG.runSuites(TestNG.java:1099)<br />
              org.testng.TestNG.run(TestNG.java:1067)<br />
              com.intellij.rt.testng.IDEARemoteTestNG.run(IDEARemoteTestNG.java:66)<br />
              com.intellij.rt.testng.RemoteTestNGStarter.main(RemoteTestNGStarter.java:110)<br />
                </div>
      </td>
</tr>
      </table>


  <table class="resultsTable" width="100%">
    <tr><th colspan="3" class="header passed">Passed Tests</th></tr>
              <tr>
        <td colspan="3" class="group">testcases.BankManagerLoginTest</td>
      </tr>
      
<tr>
  <td class="method">
          loginAsBankManager
      </td>
  <td class="duration">
    0.515s
  </td>
  <td class="result">
        
    
        

      </td>
</tr>
<tr>
  <td class="method">
          verifylandingpage
      </td>
  <td class="duration">
    1.019s
  </td>
  <td class="result">
        
    
        

      </td>
</tr>
      </table>
  
</body>
</html>
